<?xml version="1.0" encoding="utf-8" standalone="no"?>
<!--This file represents the results of running a test suite-->
<test-results name="C:\Users\James\Desktop\TddBook\Chatper 4\TicTacToe\TicTacToe.UnitTests\bin\Debug\TicTacToe.UnitTests.dll" total="4" errors="0" failures="0" not-run="0" inconclusive="0" ignored="0" skipped="0" invalid="0" date="2010-10-25" time="18:05:30">
  <environment nunit-version="2.5.7.10213" clr-version="2.0.50727.4952" os-version="Microsoft Windows NT 6.1.7600.0" platform="Win32NT" cwd="C:\Program Files\NUnit 2.5.7\bin\net-2.0" machine-name="JAMES-PC" user="James" user-domain="James-PC" />
  <culture-info current-culture="en-US" current-uiculture="en-US" />
  <test-suite type="Assembly" name="C:\Users\James\Desktop\TddBook\Chatper 4\TicTacToe\TicTacToe.UnitTests\bin\Debug\TicTacToe.UnitTests.dll" executed="True" result="Success" success="True" time="0.070" asserts="0">
    <results>
      <test-suite type="Namespace" name="TicTacToe" executed="True" result="Success" success="True" time="0.066" asserts="0">
        <results>
          <test-suite type="Namespace" name="UnitTests" executed="True" result="Success" success="True" time="0.065" asserts="0">
            <results>
              <test-suite type="TestFixture" name="GameWinnerServiceTests" executed="True" result="Success" success="True" time="0.064" asserts="0">
                <results>
                  <test-case name="TicTacToe.UnitTests.GameWinnerServiceTests.NeitherPlayerHasThreeInARow" executed="True" result="Success" success="True" time="0.053" asserts="1" />
                  <test-case name="TicTacToe.UnitTests.GameWinnerServiceTests.PlayerWithAllSpacesInFirstColumnIsWinner" executed="True" result="Success" success="True" time="0.001" asserts="1" />
                  <test-case name="TicTacToe.UnitTests.GameWinnerServiceTests.PlayerWithAllSpacesInTopRowIsWinner" executed="True" result="Success" success="True" time="0.000" asserts="1" />
                  <test-case name="TicTacToe.UnitTests.GameWinnerServiceTests.PlayerWithThreeInARowDiagonallyDownAndToRightIsWinner" executed="True" result="Success" success="True" time="0.001" asserts="1" />
                </results>
              </test-suite>
            </results>
          </test-suite>
        </results>
      </test-suite>
    </results>
  </test-suite>
</test-results>